{"C:\\Users\\reetu\\Desktop\\cloudblitz\\backend\\src\\app.ts": {"path":"C:\\Users\\reetu\\Desktop\\cloudblitz\\backend\\src\\app.ts","statementMap":{"0":{"start":{"line":1,"column":0},"end":{"line":1,"column":30}},"1":{"start":{"line":2,"column":0},"end":{"line":2,"column":24}},"2":{"start":{"line":3,"column":0},"end":{"line":3,"column":39}},"3":{"start":{"line":4,"column":0},"end":{"line":4,"column":47}},"4":{"start":{"line":5,"column":0},"end":{"line":5,"column":45}},"5":{"start":{"line":6,"column":0},"end":{"line":6,"column":55}},"6":{"start":{"line":8,"column":23},"end":{"line":11,"column":2}},"7":{"start":{"line":13,"column":12},"end":{"line":13,"column":21}},"8":{"start":{"line":14,"column":0},"end":{"line":25,"column":2}},"9":{"start":{"line":17,"column":6},"end":{"line":21,"column":7}},"10":{"start":{"line":18,"column":8},"end":{"line":18,"column":29}},"11":{"start":{"line":20,"column":8},"end":{"line":20,"column":51}},"12":{"start":{"line":26,"column":0},"end":{"line":26,"column":24}},"13":{"start":{"line":28,"column":0},"end":{"line":28,"column":65}},"14":{"start":{"line":28,"column":37},"end":{"line":28,"column":63}},"15":{"start":{"line":29,"column":0},"end":{"line":29,"column":33}},"16":{"start":{"line":30,"column":0},"end":{"line":30,"column":41}},"17":{"start":{"line":31,"column":0},"end":{"line":31,"column":34}},"18":{"start":{"line":32,"column":0},"end":{"line":32,"column":43}},"19":{"start":{"line":34,"column":0},"end":{"line":34,"column":19}}},"fnMap":{"0":{"name":"(anonymous_1)","decl":{"start":{"line":16,"column":12},"end":{"line":16,"column":22}},"loc":{"start":{"line":16,"column":38},"end":{"line":22,"column":5}}},"1":{"name":"(anonymous_2)","decl":{"start":{"line":28,"column":23},"end":{"line":28,"column":24}},"loc":{"start":{"line":28,"column":37},"end":{"line":28,"column":63}}}},"branchMap":{"0":{"loc":{"start":{"line":17,"column":6},"end":{"line":21,"column":7}},"type":"if","locations":[{"start":{"line":17,"column":6},"end":{"line":21,"column":7}},{"start":{"line":19,"column":13},"end":{"line":21,"column":7}}]},"1":{"loc":{"start":{"line":17,"column":10},"end":{"line":17,"column":52}},"type":"binary-expr","locations":[{"start":{"line":17,"column":10},"end":{"line":17,"column":17}},{"start":{"line":17,"column":21},"end":{"line":17,"column":52}}]}},"s":{"0":3,"1":3,"2":3,"3":3,"4":3,"5":3,"6":3,"7":3,"8":3,"9":8,"10":8,"11":0,"12":3,"13":3,"14":1,"15":3,"16":3,"17":3,"18":3,"19":3},"f":{"0":8,"1":1},"b":{"0":[8,0],"1":[8,0]}}
,"C:\\Users\\reetu\\Desktop\\cloudblitz\\backend\\src\\controllers\\authController.ts": {"path":"C:\\Users\\reetu\\Desktop\\cloudblitz\\backend\\src\\controllers\\authController.ts","statementMap":{"0":{"start":{"line":2,"column":0},"end":{"line":2,"column":34}},"1":{"start":{"line":3,"column":0},"end":{"line":3,"column":30}},"2":{"start":{"line":4,"column":0},"end":{"line":4,"column":31}},"3":{"start":{"line":6,"column":19},"end":{"line":6,"column":53}},"4":{"start":{"line":8,"column":24},"end":{"line":38,"column":1}},"5":{"start":{"line":9,"column":2},"end":{"line":37,"column":3}},"6":{"start":{"line":10,"column":38},"end":{"line":10,"column":46}},"7":{"start":{"line":11,"column":4},"end":{"line":12,"column":68}},"8":{"start":{"line":12,"column":6},"end":{"line":12,"column":68}},"9":{"start":{"line":14,"column":21},"end":{"line":14,"column":50}},"10":{"start":{"line":15,"column":4},"end":{"line":16,"column":73}},"11":{"start":{"line":16,"column":6},"end":{"line":16,"column":73}},"12":{"start":{"line":18,"column":25},"end":{"line":18,"column":56}},"13":{"start":{"line":19,"column":17},"end":{"line":19,"column":65}},"14":{"start":{"line":21,"column":18},"end":{"line":23,"column":6}},"15":{"start":{"line":25,"column":4},"end":{"line":33,"column":7}},"16":{"start":{"line":35,"column":4},"end":{"line":35,"column":23}},"17":{"start":{"line":36,"column":4},"end":{"line":36,"column":59}},"18":{"start":{"line":8,"column":13},"end":{"line":8,"column":24}},"19":{"start":{"line":40,"column":21},"end":{"line":66,"column":1}},"20":{"start":{"line":41,"column":2},"end":{"line":65,"column":3}},"21":{"start":{"line":42,"column":32},"end":{"line":42,"column":40}},"22":{"start":{"line":43,"column":17},"end":{"line":43,"column":46}},"23":{"start":{"line":44,"column":4},"end":{"line":44,"column":77}},"24":{"start":{"line":44,"column":15},"end":{"line":44,"column":77}},"25":{"start":{"line":46,"column":18},"end":{"line":46,"column":67}},"26":{"start":{"line":47,"column":4},"end":{"line":47,"column":78}},"27":{"start":{"line":47,"column":16},"end":{"line":47,"column":78}},"28":{"start":{"line":49,"column":18},"end":{"line":51,"column":6}},"29":{"start":{"line":53,"column":4},"end":{"line":61,"column":7}},"30":{"start":{"line":63,"column":4},"end":{"line":63,"column":23}},"31":{"start":{"line":64,"column":4},"end":{"line":64,"column":52}},"32":{"start":{"line":40,"column":13},"end":{"line":40,"column":21}},"33":{"start":{"line":68,"column":18},"end":{"line":72,"column":1}},"34":{"start":{"line":69,"column":15},"end":{"line":69,"column":79}},"35":{"start":{"line":70,"column":2},"end":{"line":70,"column":70}},"36":{"start":{"line":70,"column":13},"end":{"line":70,"column":70}},"37":{"start":{"line":71,"column":2},"end":{"line":71,"column":21}},"38":{"start":{"line":68,"column":13},"end":{"line":68,"column":18}}},"fnMap":{"0":{"name":"(anonymous_1)","decl":{"start":{"line":8,"column":24},"end":{"line":8,"column":29}},"loc":{"start":{"line":8,"column":62},"end":{"line":38,"column":1}}},"1":{"name":"(anonymous_2)","decl":{"start":{"line":40,"column":21},"end":{"line":40,"column":26}},"loc":{"start":{"line":40,"column":59},"end":{"line":66,"column":1}}},"2":{"name":"(anonymous_3)","decl":{"start":{"line":68,"column":18},"end":{"line":68,"column":23}},"loc":{"start":{"line":68,"column":56},"end":{"line":72,"column":1}}}},"branchMap":{"0":{"loc":{"start":{"line":6,"column":19},"end":{"line":6,"column":53}},"type":"binary-expr","locations":[{"start":{"line":6,"column":19},"end":{"line":6,"column":41}},{"start":{"line":6,"column":45},"end":{"line":6,"column":53}}]},"1":{"loc":{"start":{"line":11,"column":4},"end":{"line":12,"column":68}},"type":"if","locations":[{"start":{"line":11,"column":4},"end":{"line":12,"column":68}},{"start":{},"end":{}}]},"2":{"loc":{"start":{"line":11,"column":8},"end":{"line":11,"column":36}},"type":"binary-expr","locations":[{"start":{"line":11,"column":8},"end":{"line":11,"column":13}},{"start":{"line":11,"column":17},"end":{"line":11,"column":23}},{"start":{"line":11,"column":27},"end":{"line":11,"column":36}}]},"3":{"loc":{"start":{"line":15,"column":4},"end":{"line":16,"column":73}},"type":"if","locations":[{"start":{"line":15,"column":4},"end":{"line":16,"column":73}},{"start":{},"end":{}}]},"4":{"loc":{"start":{"line":44,"column":4},"end":{"line":44,"column":77}},"type":"if","locations":[{"start":{"line":44,"column":4},"end":{"line":44,"column":77}},{"start":{},"end":{}}]},"5":{"loc":{"start":{"line":47,"column":4},"end":{"line":47,"column":78}},"type":"if","locations":[{"start":{"line":47,"column":4},"end":{"line":47,"column":78}},{"start":{},"end":{}}]},"6":{"loc":{"start":{"line":70,"column":2},"end":{"line":70,"column":70}},"type":"if","locations":[{"start":{"line":70,"column":2},"end":{"line":70,"column":70}},{"start":{},"end":{}}]}},"s":{"0":3,"1":3,"2":3,"3":3,"4":3,"5":2,"6":2,"7":2,"8":0,"9":2,"10":2,"11":0,"12":2,"13":2,"14":2,"15":2,"16":0,"17":0,"18":3,"19":3,"20":3,"21":3,"22":3,"23":3,"24":1,"25":2,"26":2,"27":0,"28":2,"29":2,"30":0,"31":0,"32":3,"33":3,"34":0,"35":0,"36":0,"37":0,"38":3},"f":{"0":2,"1":3,"2":0},"b":{"0":[3,0],"1":[0,2],"2":[2,2,2],"3":[0,2],"4":[1,2],"5":[0,2],"6":[0,0]}}
,"C:\\Users\\reetu\\Desktop\\cloudblitz\\backend\\src\\controllers\\enquiryController.ts": {"path":"C:\\Users\\reetu\\Desktop\\cloudblitz\\backend\\src\\controllers\\enquiryController.ts","statementMap":{"0":{"start":{"line":2,"column":0},"end":{"line":2,"column":40}},"1":{"start":{"line":6,"column":29},"end":{"line":24,"column":1}},"2":{"start":{"line":7,"column":2},"end":{"line":23,"column":3}},"3":{"start":{"line":8,"column":64},"end":{"line":8,"column":72}},"4":{"start":{"line":9,"column":4},"end":{"line":10,"column":70}},"5":{"start":{"line":10,"column":6},"end":{"line":10,"column":70}},"6":{"start":{"line":12,"column":20},"end":{"line":18,"column":6}},"7":{"start":{"line":19,"column":4},"end":{"line":19,"column":34}},"8":{"start":{"line":21,"column":4},"end":{"line":21,"column":23}},"9":{"start":{"line":22,"column":4},"end":{"line":22,"column":64}},"10":{"start":{"line":6,"column":13},"end":{"line":6,"column":29}},"11":{"start":{"line":26,"column":28},"end":{"line":81,"column":1}},"12":{"start":{"line":27,"column":2},"end":{"line":80,"column":3}},"13":{"start":{"line":28,"column":65},"end":{"line":28,"column":74}},"14":{"start":{"line":30,"column":23},"end":{"line":30,"column":25}},"15":{"start":{"line":33,"column":4},"end":{"line":35,"column":5}},"16":{"start":{"line":34,"column":6},"end":{"line":34,"column":28}},"17":{"start":{"line":38,"column":4},"end":{"line":40,"column":5}},"18":{"start":{"line":39,"column":6},"end":{"line":39,"column":36}},"19":{"start":{"line":43,"column":4},"end":{"line":49,"column":5}},"20":{"start":{"line":44,"column":6},"end":{"line":48,"column":8}},"21":{"start":{"line":52,"column":17},"end":{"line":52,"column":51}},"22":{"start":{"line":55,"column":29},"end":{"line":55,"column":39}},"23":{"start":{"line":57,"column":4},"end":{"line":59,"column":5}},"24":{"start":{"line":58,"column":6},"end":{"line":58,"column":32}},"25":{"start":{"line":62,"column":22},"end":{"line":66,"column":27}},"26":{"start":{"line":68,"column":18},"end":{"line":68,"column":53}},"27":{"start":{"line":70,"column":4},"end":{"line":76,"column":7}},"28":{"start":{"line":78,"column":4},"end":{"line":78,"column":54}},"29":{"start":{"line":79,"column":4},"end":{"line":79,"column":77}},"30":{"start":{"line":26,"column":13},"end":{"line":26,"column":28}},"31":{"start":{"line":83,"column":30},"end":{"line":95,"column":1}},"32":{"start":{"line":84,"column":2},"end":{"line":94,"column":3}},"33":{"start":{"line":85,"column":14},"end":{"line":87,"column":null}},"34":{"start":{"line":89,"column":4},"end":{"line":89,"column":77}},"35":{"start":{"line":89,"column":25},"end":{"line":89,"column":77}},"36":{"start":{"line":90,"column":4},"end":{"line":90,"column":16}},"37":{"start":{"line":92,"column":4},"end":{"line":92,"column":23}},"38":{"start":{"line":93,"column":4},"end":{"line":93,"column":63}},"39":{"start":{"line":83,"column":13},"end":{"line":83,"column":30}},"40":{"start":{"line":97,"column":29},"end":{"line":149,"column":1}},"41":{"start":{"line":98,"column":2},"end":{"line":148,"column":3}},"42":{"start":{"line":99,"column":29},"end":{"line":99,"column":39}},"43":{"start":{"line":101,"column":20},"end":{"line":101,"column":57}},"44":{"start":{"line":102,"column":4},"end":{"line":104,"column":5}},"45":{"start":{"line":103,"column":6},"end":{"line":103,"column":58}},"46":{"start":{"line":106,"column":23},"end":{"line":115,"column":8}},"47":{"start":{"line":107,"column":6},"end":{"line":107,"column":43}},"48":{"start":{"line":107,"column":31},"end":{"line":107,"column":43}},"49":{"start":{"line":108,"column":6},"end":{"line":113,"column":7}},"50":{"start":{"line":112,"column":8},"end":{"line":112,"column":49}},"51":{"start":{"line":114,"column":6},"end":{"line":114,"column":54}},"52":{"start":{"line":117,"column":24},"end":{"line":117,"column":41}},"53":{"start":{"line":120,"column":4},"end":{"line":122,"column":5}},"54":{"start":{"line":121,"column":6},"end":{"line":121,"column":60}},"55":{"start":{"line":126,"column":6},"end":{"line":128,"column":20}},"56":{"start":{"line":130,"column":25},"end":{"line":130,"column":27}},"57":{"start":{"line":131,"column":4},"end":{"line":133,"column":5}},"58":{"start":{"line":132,"column":6},"end":{"line":132,"column":65}},"59":{"start":{"line":132,"column":27},"end":{"line":132,"column":65}},"60":{"start":{"line":135,"column":4},"end":{"line":139,"column":5}},"61":{"start":{"line":136,"column":6},"end":{"line":138,"column":64}},"62":{"start":{"line":141,"column":20},"end":{"line":143,"column":6}},"63":{"start":{"line":145,"column":4},"end":{"line":145,"column":22}},"64":{"start":{"line":147,"column":4},"end":{"line":147,"column":64}},"65":{"start":{"line":97,"column":13},"end":{"line":97,"column":29}},"66":{"start":{"line":151,"column":29},"end":{"line":168,"column":1}},"67":{"start":{"line":152,"column":2},"end":{"line":167,"column":3}},"68":{"start":{"line":153,"column":21},"end":{"line":153,"column":31}},"69":{"start":{"line":154,"column":4},"end":{"line":155,"column":70}},"70":{"start":{"line":155,"column":6},"end":{"line":155,"column":70}},"71":{"start":{"line":157,"column":14},"end":{"line":160,"column":null}},"72":{"start":{"line":162,"column":4},"end":{"line":162,"column":64}},"73":{"start":{"line":162,"column":12},"end":{"line":162,"column":64}},"74":{"start":{"line":163,"column":4},"end":{"line":163,"column":32}},"75":{"start":{"line":165,"column":4},"end":{"line":165,"column":23}},"76":{"start":{"line":166,"column":4},"end":{"line":166,"column":64}},"77":{"start":{"line":151,"column":13},"end":{"line":151,"column":29}}},"fnMap":{"0":{"name":"(anonymous_1)","decl":{"start":{"line":6,"column":29},"end":{"line":6,"column":34}},"loc":{"start":{"line":6,"column":67},"end":{"line":24,"column":1}}},"1":{"name":"(anonymous_2)","decl":{"start":{"line":26,"column":28},"end":{"line":26,"column":33}},"loc":{"start":{"line":26,"column":66},"end":{"line":81,"column":1}}},"2":{"name":"(anonymous_3)","decl":{"start":{"line":83,"column":30},"end":{"line":83,"column":35}},"loc":{"start":{"line":83,"column":68},"end":{"line":95,"column":1}}},"3":{"name":"(anonymous_4)","decl":{"start":{"line":97,"column":29},"end":{"line":97,"column":34}},"loc":{"start":{"line":97,"column":67},"end":{"line":149,"column":1}}},"4":{"name":"(anonymous_5)","decl":{"start":{"line":106,"column":24},"end":{"line":106,"column":27}},"loc":{"start":{"line":106,"column":29},"end":{"line":115,"column":5}}},"5":{"name":"(anonymous_6)","decl":{"start":{"line":151,"column":29},"end":{"line":151,"column":34}},"loc":{"start":{"line":151,"column":67},"end":{"line":168,"column":1}}}},"branchMap":{"0":{"loc":{"start":{"line":9,"column":4},"end":{"line":10,"column":70}},"type":"if","locations":[{"start":{"line":9,"column":4},"end":{"line":10,"column":70}},{"start":{},"end":{}}]},"1":{"loc":{"start":{"line":28,"column":40},"end":{"line":28,"column":48}},"type":"default-arg","locations":[{"start":{"line":28,"column":47},"end":{"line":28,"column":48}}]},"2":{"loc":{"start":{"line":28,"column":50},"end":{"line":28,"column":60}},"type":"default-arg","locations":[{"start":{"line":28,"column":58},"end":{"line":28,"column":60}}]},"3":{"loc":{"start":{"line":33,"column":4},"end":{"line":35,"column":5}},"type":"if","locations":[{"start":{"line":33,"column":4},"end":{"line":35,"column":5}},{"start":{},"end":{}}]},"4":{"loc":{"start":{"line":33,"column":8},"end":{"line":33,"column":34}},"type":"binary-expr","locations":[{"start":{"line":33,"column":8},"end":{"line":33,"column":14}},{"start":{"line":33,"column":18},"end":{"line":33,"column":34}}]},"5":{"loc":{"start":{"line":38,"column":4},"end":{"line":40,"column":5}},"type":"if","locations":[{"start":{"line":38,"column":4},"end":{"line":40,"column":5}},{"start":{},"end":{}}]},"6":{"loc":{"start":{"line":43,"column":4},"end":{"line":49,"column":5}},"type":"if","locations":[{"start":{"line":43,"column":4},"end":{"line":49,"column":5}},{"start":{},"end":{}}]},"7":{"loc":{"start":{"line":57,"column":4},"end":{"line":59,"column":5}},"type":"if","locations":[{"start":{"line":57,"column":4},"end":{"line":59,"column":5}},{"start":{},"end":{}}]},"8":{"loc":{"start":{"line":89,"column":4},"end":{"line":89,"column":77}},"type":"if","locations":[{"start":{"line":89,"column":4},"end":{"line":89,"column":77}},{"start":{},"end":{}}]},"9":{"loc":{"start":{"line":89,"column":8},"end":{"line":89,"column":23}},"type":"binary-expr","locations":[{"start":{"line":89,"column":8},"end":{"line":89,"column":10}},{"start":{"line":89,"column":14},"end":{"line":89,"column":23}}]},"10":{"loc":{"start":{"line":102,"column":4},"end":{"line":104,"column":5}},"type":"if","locations":[{"start":{"line":102,"column":4},"end":{"line":104,"column":5}},{"start":{},"end":{}}]},"11":{"loc":{"start":{"line":107,"column":6},"end":{"line":107,"column":43}},"type":"if","locations":[{"start":{"line":107,"column":6},"end":{"line":107,"column":43}},{"start":{},"end":{}}]},"12":{"loc":{"start":{"line":108,"column":6},"end":{"line":113,"column":7}},"type":"if","locations":[{"start":{"line":108,"column":6},"end":{"line":113,"column":7}},{"start":{},"end":{}}]},"13":{"loc":{"start":{"line":109,"column":8},"end":{"line":110,"column":44}},"type":"binary-expr","locations":[{"start":{"line":109,"column":8},"end":{"line":109,"column":46}},{"start":{"line":110,"column":8},"end":{"line":110,"column":44}}]},"14":{"loc":{"start":{"line":114,"column":13},"end":{"line":114,"column":53}},"type":"binary-expr","locations":[{"start":{"line":114,"column":13},"end":{"line":114,"column":45}},{"start":{"line":114,"column":49},"end":{"line":114,"column":53}}]},"15":{"loc":{"start":{"line":120,"column":4},"end":{"line":122,"column":5}},"type":"if","locations":[{"start":{"line":120,"column":4},"end":{"line":122,"column":5}},{"start":{},"end":{}}]},"16":{"loc":{"start":{"line":120,"column":8},"end":{"line":120,"column":54}},"type":"binary-expr","locations":[{"start":{"line":120,"column":8},"end":{"line":120,"column":24}},{"start":{"line":120,"column":28},"end":{"line":120,"column":54}}]},"17":{"loc":{"start":{"line":126,"column":6},"end":{"line":128,"column":20}},"type":"cond-expr","locations":[{"start":{"line":127,"column":10},"end":{"line":127,"column":79}},{"start":{"line":128,"column":10},"end":{"line":128,"column":20}}]},"18":{"loc":{"start":{"line":132,"column":6},"end":{"line":132,"column":65}},"type":"if","locations":[{"start":{"line":132,"column":6},"end":{"line":132,"column":65}},{"start":{},"end":{}}]},"19":{"loc":{"start":{"line":135,"column":4},"end":{"line":139,"column":5}},"type":"if","locations":[{"start":{"line":135,"column":4},"end":{"line":139,"column":5}},{"start":{},"end":{}}]},"20":{"loc":{"start":{"line":154,"column":4},"end":{"line":155,"column":70}},"type":"if","locations":[{"start":{"line":154,"column":4},"end":{"line":155,"column":70}},{"start":{},"end":{}}]},"21":{"loc":{"start":{"line":162,"column":4},"end":{"line":162,"column":64}},"type":"if","locations":[{"start":{"line":162,"column":4},"end":{"line":162,"column":64}},{"start":{},"end":{}}]}},"s":{"0":3,"1":3,"2":1,"3":1,"4":1,"5":0,"6":1,"7":1,"8":0,"9":0,"10":3,"11":3,"12":1,"13":1,"14":1,"15":1,"16":0,"17":1,"18":0,"19":1,"20":0,"21":1,"22":1,"23":1,"24":1,"25":1,"26":1,"27":1,"28":0,"29":0,"30":3,"31":3,"32":0,"33":0,"34":0,"35":0,"36":0,"37":0,"38":0,"39":3,"40":3,"41":0,"42":0,"43":0,"44":0,"45":0,"46":0,"47":0,"48":0,"49":0,"50":0,"51":0,"52":0,"53":0,"54":0,"55":0,"56":0,"57":0,"58":0,"59":0,"60":0,"61":0,"62":0,"63":0,"64":0,"65":3,"66":3,"67":0,"68":0,"69":0,"70":0,"71":0,"72":0,"73":0,"74":0,"75":0,"76":0,"77":3},"f":{"0":1,"1":1,"2":0,"3":0,"4":0,"5":0},"b":{"0":[0,1],"1":[1],"2":[1],"3":[0,1],"4":[1,0],"5":[0,1],"6":[0,1],"7":[1,0],"8":[0,0],"9":[0,0],"10":[0,0],"11":[0,0],"12":[0,0],"13":[0,0],"14":[0,0],"15":[0,0],"16":[0,0],"17":[0,0],"18":[0,0],"19":[0,0],"20":[0,0],"21":[0,0]}}
,"C:\\Users\\reetu\\Desktop\\cloudblitz\\backend\\src\\controllers\\userController.ts": {"path":"C:\\Users\\reetu\\Desktop\\cloudblitz\\backend\\src\\controllers\\userController.ts","statementMap":{"0":{"start":{"line":2,"column":0},"end":{"line":2,"column":34}},"1":{"start":{"line":5,"column":24},"end":{"line":12,"column":1}},"2":{"start":{"line":6,"column":2},"end":{"line":11,"column":3}},"3":{"start":{"line":7,"column":18},"end":{"line":7,"column":59}},"4":{"start":{"line":8,"column":4},"end":{"line":8,"column":20}},"5":{"start":{"line":10,"column":4},"end":{"line":10,"column":52}},"6":{"start":{"line":5,"column":13},"end":{"line":5,"column":24}},"7":{"start":{"line":15,"column":26},"end":{"line":36,"column":1}},"8":{"start":{"line":16,"column":2},"end":{"line":35,"column":3}},"9":{"start":{"line":17,"column":44},"end":{"line":17,"column":52}},"10":{"start":{"line":18,"column":4},"end":{"line":20,"column":5}},"11":{"start":{"line":19,"column":6},"end":{"line":19,"column":72}},"12":{"start":{"line":22,"column":21},"end":{"line":22,"column":50}},"13":{"start":{"line":23,"column":4},"end":{"line":23,"column":80}},"14":{"start":{"line":23,"column":18},"end":{"line":23,"column":80}},"15":{"start":{"line":25,"column":19},"end":{"line":25,"column":43}},"16":{"start":{"line":26,"column":25},"end":{"line":26,"column":64}},"17":{"start":{"line":28,"column":20},"end":{"line":28,"column":74}},"18":{"start":{"line":29,"column":4},"end":{"line":32,"column":7}},"19":{"start":{"line":34,"column":4},"end":{"line":34,"column":52}},"20":{"start":{"line":15,"column":13},"end":{"line":15,"column":26}},"21":{"start":{"line":39,"column":26},"end":{"line":56,"column":1}},"22":{"start":{"line":40,"column":2},"end":{"line":55,"column":3}},"23":{"start":{"line":41,"column":19},"end":{"line":41,"column":29}},"24":{"start":{"line":42,"column":34},"end":{"line":42,"column":42}},"25":{"start":{"line":44,"column":17},"end":{"line":44,"column":40}},"26":{"start":{"line":45,"column":4},"end":{"line":45,"column":72}},"27":{"start":{"line":45,"column":15},"end":{"line":45,"column":72}},"28":{"start":{"line":47,"column":4},"end":{"line":47,"column":34}},"29":{"start":{"line":48,"column":4},"end":{"line":48,"column":37}},"30":{"start":{"line":49,"column":4},"end":{"line":49,"column":34}},"31":{"start":{"line":51,"column":4},"end":{"line":51,"column":22}},"32":{"start":{"line":52,"column":4},"end":{"line":52,"column":48}},"33":{"start":{"line":54,"column":4},"end":{"line":54,"column":52}},"34":{"start":{"line":39,"column":13},"end":{"line":39,"column":26}},"35":{"start":{"line":59,"column":26},"end":{"line":68,"column":1}},"36":{"start":{"line":60,"column":2},"end":{"line":67,"column":3}},"37":{"start":{"line":61,"column":19},"end":{"line":61,"column":29}},"38":{"start":{"line":62,"column":17},"end":{"line":62,"column":49}},"39":{"start":{"line":63,"column":4},"end":{"line":63,"column":72}},"40":{"start":{"line":63,"column":15},"end":{"line":63,"column":72}},"41":{"start":{"line":64,"column":4},"end":{"line":64,"column":55}},"42":{"start":{"line":66,"column":4},"end":{"line":66,"column":52}},"43":{"start":{"line":59,"column":13},"end":{"line":59,"column":26}}},"fnMap":{"0":{"name":"(anonymous_10)","decl":{"start":{"line":5,"column":24},"end":{"line":5,"column":29}},"loc":{"start":{"line":5,"column":62},"end":{"line":12,"column":1}}},"1":{"name":"(anonymous_11)","decl":{"start":{"line":15,"column":26},"end":{"line":15,"column":31}},"loc":{"start":{"line":15,"column":64},"end":{"line":36,"column":1}}},"2":{"name":"(anonymous_12)","decl":{"start":{"line":25,"column":19},"end":{"line":25,"column":32}},"loc":{"start":{"line":25,"column":19},"end":{"line":25,"column":43}}},"3":{"name":"(anonymous_13)","decl":{"start":{"line":39,"column":26},"end":{"line":39,"column":31}},"loc":{"start":{"line":39,"column":64},"end":{"line":56,"column":1}}},"4":{"name":"(anonymous_14)","decl":{"start":{"line":59,"column":26},"end":{"line":59,"column":31}},"loc":{"start":{"line":59,"column":64},"end":{"line":68,"column":1}}}},"branchMap":{"0":{"loc":{"start":{"line":18,"column":4},"end":{"line":20,"column":5}},"type":"if","locations":[{"start":{"line":18,"column":4},"end":{"line":20,"column":5}},{"start":{},"end":{}}]},"1":{"loc":{"start":{"line":18,"column":8},"end":{"line":18,"column":45}},"type":"binary-expr","locations":[{"start":{"line":18,"column":8},"end":{"line":18,"column":13}},{"start":{"line":18,"column":17},"end":{"line":18,"column":23}},{"start":{"line":18,"column":27},"end":{"line":18,"column":36}},{"start":{"line":18,"column":40},"end":{"line":18,"column":45}}]},"2":{"loc":{"start":{"line":23,"column":4},"end":{"line":23,"column":80}},"type":"if","locations":[{"start":{"line":23,"column":4},"end":{"line":23,"column":80}},{"start":{},"end":{}}]},"3":{"loc":{"start":{"line":45,"column":4},"end":{"line":45,"column":72}},"type":"if","locations":[{"start":{"line":45,"column":4},"end":{"line":45,"column":72}},{"start":{},"end":{}}]},"4":{"loc":{"start":{"line":47,"column":16},"end":{"line":47,"column":33}},"type":"binary-expr","locations":[{"start":{"line":47,"column":16},"end":{"line":47,"column":20}},{"start":{"line":47,"column":24},"end":{"line":47,"column":33}}]},"5":{"loc":{"start":{"line":48,"column":17},"end":{"line":48,"column":36}},"type":"binary-expr","locations":[{"start":{"line":48,"column":17},"end":{"line":48,"column":22}},{"start":{"line":48,"column":26},"end":{"line":48,"column":36}}]},"6":{"loc":{"start":{"line":49,"column":16},"end":{"line":49,"column":33}},"type":"binary-expr","locations":[{"start":{"line":49,"column":16},"end":{"line":49,"column":20}},{"start":{"line":49,"column":24},"end":{"line":49,"column":33}}]},"7":{"loc":{"start":{"line":63,"column":4},"end":{"line":63,"column":72}},"type":"if","locations":[{"start":{"line":63,"column":4},"end":{"line":63,"column":72}},{"start":{},"end":{}}]}},"s":{"0":3,"1":3,"2":0,"3":0,"4":0,"5":0,"6":3,"7":3,"8":0,"9":0,"10":0,"11":0,"12":0,"13":0,"14":0,"15":0,"16":0,"17":0,"18":0,"19":0,"20":3,"21":3,"22":0,"23":0,"24":0,"25":0,"26":0,"27":0,"28":0,"29":0,"30":0,"31":0,"32":0,"33":0,"34":3,"35":3,"36":0,"37":0,"38":0,"39":0,"40":0,"41":0,"42":0,"43":3},"f":{"0":0,"1":0,"2":0,"3":0,"4":0},"b":{"0":[0,0],"1":[0,0,0,0],"2":[0,0],"3":[0,0],"4":[0,0],"5":[0,0],"6":[0,0],"7":[0,0]}}
,"C:\\Users\\reetu\\Desktop\\cloudblitz\\backend\\src\\middlewares\\auth.ts": {"path":"C:\\Users\\reetu\\Desktop\\cloudblitz\\backend\\src\\middlewares\\auth.ts","statementMap":{"0":{"start":{"line":11,"column":0},"end":{"line":11,"column":15}},"1":{"start":{"line":2,"column":0},"end":{"line":2,"column":31}},"2":{"start":{"line":3,"column":0},"end":{"line":3,"column":34}},"3":{"start":{"line":16,"column":21},"end":{"line":16,"column":46}},"4":{"start":{"line":18,"column":2},"end":{"line":20,"column":3}},"5":{"start":{"line":19,"column":4},"end":{"line":19,"column":79}},"6":{"start":{"line":22,"column":16},"end":{"line":22,"column":40}},"7":{"start":{"line":24,"column":2},"end":{"line":40,"column":3}},"8":{"start":{"line":25,"column":20},"end":{"line":25,"column":78}},"9":{"start":{"line":26,"column":17},"end":{"line":26,"column":72}},"10":{"start":{"line":28,"column":4},"end":{"line":30,"column":5}},"11":{"start":{"line":29,"column":6},"end":{"line":29,"column":63}},"12":{"start":{"line":33,"column":5},"end":{"line":33,"column":29}},"13":{"start":{"line":34,"column":5},"end":{"line":34,"column":35}},"14":{"start":{"line":35,"column":5},"end":{"line":35,"column":34}},"15":{"start":{"line":37,"column":4},"end":{"line":37,"column":11}},"16":{"start":{"line":39,"column":4},"end":{"line":39,"column":71}}},"fnMap":{"0":{"name":"auth","decl":{"start":{"line":11,"column":30},"end":{"line":11,"column":34}},"loc":{"start":{"line":14,"column":20},"end":{"line":41,"column":1}}}},"branchMap":{"0":{"loc":{"start":{"line":18,"column":2},"end":{"line":20,"column":3}},"type":"if","locations":[{"start":{"line":18,"column":2},"end":{"line":20,"column":3}},{"start":{},"end":{}}]},"1":{"loc":{"start":{"line":18,"column":6},"end":{"line":18,"column":54}},"type":"binary-expr","locations":[{"start":{"line":18,"column":6},"end":{"line":18,"column":17}},{"start":{"line":18,"column":21},"end":{"line":18,"column":54}}]},"2":{"loc":{"start":{"line":28,"column":4},"end":{"line":30,"column":5}},"type":"if","locations":[{"start":{"line":28,"column":4},"end":{"line":30,"column":5}},{"start":{},"end":{}}]}},"s":{"0":3,"1":3,"2":3,"3":2,"4":2,"5":0,"6":2,"7":2,"8":2,"9":2,"10":2,"11":0,"12":2,"13":2,"14":2,"15":2,"16":0},"f":{"0":2},"b":{"0":[0,2],"1":[2,2],"2":[0,2]}}
,"C:\\Users\\reetu\\Desktop\\cloudblitz\\backend\\src\\middlewares\\roles.ts": {"path":"C:\\Users\\reetu\\Desktop\\cloudblitz\\backend\\src\\middlewares\\roles.ts","statementMap":{"0":{"start":{"line":3,"column":0},"end":{"line":3,"column":16}},"1":{"start":{"line":4,"column":2},"end":{"line":12,"column":4}},"2":{"start":{"line":5,"column":22},"end":{"line":5,"column":38}},"3":{"start":{"line":6,"column":4},"end":{"line":10,"column":5}},"4":{"start":{"line":7,"column":6},"end":{"line":9,"column":64}},"5":{"start":{"line":11,"column":4},"end":{"line":11,"column":11}}},"fnMap":{"0":{"name":"requireRole","decl":{"start":{"line":3,"column":16},"end":{"line":3,"column":27}},"loc":{"start":{"line":3,"column":46},"end":{"line":13,"column":1}}},"1":{"name":"(anonymous_1)","decl":{"start":{"line":4,"column":9},"end":{"line":4,"column":10}},"loc":{"start":{"line":4,"column":61},"end":{"line":12,"column":3}}}},"branchMap":{"0":{"loc":{"start":{"line":6,"column":4},"end":{"line":10,"column":5}},"type":"if","locations":[{"start":{"line":6,"column":4},"end":{"line":10,"column":5}},{"start":{},"end":{}}]}},"s":{"0":3,"1":18,"2":0,"3":0,"4":0,"5":0},"f":{"0":18,"1":0},"b":{"0":[0,0]}}
,"C:\\Users\\reetu\\Desktop\\cloudblitz\\backend\\src\\models\\Enquiry.ts": {"path":"C:\\Users\\reetu\\Desktop\\cloudblitz\\backend\\src\\models\\Enquiry.ts","statementMap":{"0":{"start":{"line":1,"column":0},"end":{"line":1,"column":48}},"1":{"start":{"line":15,"column":22},"end":{"line":29,"column":null}},"2":{"start":{"line":32,"column":0},"end":{"line":32,"column":57}}},"fnMap":{},"branchMap":{},"s":{"0":3,"1":3,"2":3},"f":{},"b":{}}
,"C:\\Users\\reetu\\Desktop\\cloudblitz\\backend\\src\\models\\User.ts": {"path":"C:\\Users\\reetu\\Desktop\\cloudblitz\\backend\\src\\models\\User.ts","statementMap":{"0":{"start":{"line":1,"column":0},"end":{"line":1,"column":41}},"1":{"start":{"line":12,"column":19},"end":{"line":19,"column":null}},"2":{"start":{"line":22,"column":0},"end":{"line":22,"column":48}}},"fnMap":{},"branchMap":{},"s":{"0":3,"1":3,"2":3},"f":{},"b":{}}
,"C:\\Users\\reetu\\Desktop\\cloudblitz\\backend\\src\\routes\\analyticsRoutes.ts": {"path":"C:\\Users\\reetu\\Desktop\\cloudblitz\\backend\\src\\routes\\analyticsRoutes.ts","statementMap":{"0":{"start":{"line":1,"column":0},"end":{"line":1,"column":30}},"1":{"start":{"line":2,"column":0},"end":{"line":2,"column":40}},"2":{"start":{"line":3,"column":0},"end":{"line":3,"column":39}},"3":{"start":{"line":4,"column":0},"end":{"line":4,"column":51}},"4":{"start":{"line":6,"column":15},"end":{"line":6,"column":31}},"5":{"start":{"line":9,"column":0},"end":{"line":59,"column":3}},"6":{"start":{"line":10,"column":2},"end":{"line":58,"column":3}},"7":{"start":{"line":11,"column":24},"end":{"line":11,"column":34}},"8":{"start":{"line":12,"column":4},"end":{"line":12,"column":51}},"9":{"start":{"line":14,"column":26},"end":{"line":50,"column":6}},"10":{"start":{"line":52,"column":4},"end":{"line":52,"column":53}},"11":{"start":{"line":54,"column":4},"end":{"line":54,"column":57}},"12":{"start":{"line":55,"column":4},"end":{"line":57,"column":74}},"13":{"start":{"line":61,"column":0},"end":{"line":61,"column":22}}},"fnMap":{"0":{"name":"(anonymous_1)","decl":{"start":{"line":9,"column":58},"end":{"line":9,"column":63}},"loc":{"start":{"line":9,"column":77},"end":{"line":59,"column":1}}}},"branchMap":{},"s":{"0":3,"1":3,"2":3,"3":3,"4":3,"5":3,"6":0,"7":0,"8":0,"9":0,"10":0,"11":0,"12":0,"13":3},"f":{"0":0},"b":{}}
,"C:\\Users\\reetu\\Desktop\\cloudblitz\\backend\\src\\routes\\auth.ts": {"path":"C:\\Users\\reetu\\Desktop\\cloudblitz\\backend\\src\\routes\\auth.ts","statementMap":{"0":{"start":{"line":1,"column":0},"end":{"line":1,"column":33}},"1":{"start":{"line":2,"column":0},"end":{"line":2,"column":68}},"2":{"start":{"line":3,"column":0},"end":{"line":3,"column":39}},"3":{"start":{"line":5,"column":15},"end":{"line":5,"column":23}},"4":{"start":{"line":7,"column":0},"end":{"line":7,"column":35}},"5":{"start":{"line":8,"column":0},"end":{"line":8,"column":29}},"6":{"start":{"line":9,"column":0},"end":{"line":9,"column":28}},"7":{"start":{"line":11,"column":0},"end":{"line":11,"column":22}}},"fnMap":{},"branchMap":{},"s":{"0":3,"1":3,"2":3,"3":3,"4":3,"5":3,"6":3,"7":3},"f":{},"b":{}}
,"C:\\Users\\reetu\\Desktop\\cloudblitz\\backend\\src\\routes\\enquiries.ts": {"path":"C:\\Users\\reetu\\Desktop\\cloudblitz\\backend\\src\\routes\\enquiries.ts","statementMap":{"0":{"start":{"line":1,"column":0},"end":{"line":1,"column":33}},"1":{"start":{"line":2,"column":0},"end":{"line":2,"column":null}},"2":{"start":{"line":9,"column":0},"end":{"line":9,"column":39}},"3":{"start":{"line":10,"column":0},"end":{"line":10,"column":51}},"4":{"start":{"line":12,"column":15},"end":{"line":12,"column":23}},"5":{"start":{"line":14,"column":0},"end":{"line":14,"column":38}},"6":{"start":{"line":15,"column":0},"end":{"line":15,"column":36}},"7":{"start":{"line":16,"column":0},"end":{"line":16,"column":41}},"8":{"start":{"line":17,"column":0},"end":{"line":17,"column":40}},"9":{"start":{"line":18,"column":0},"end":{"line":18,"column":65}},"10":{"start":{"line":20,"column":0},"end":{"line":20,"column":22}}},"fnMap":{},"branchMap":{},"s":{"0":3,"1":3,"2":3,"3":3,"4":3,"5":3,"6":3,"7":3,"8":3,"9":3,"10":3},"f":{},"b":{}}
,"C:\\Users\\reetu\\Desktop\\cloudblitz\\backend\\src\\routes\\userRoutes.ts": {"path":"C:\\Users\\reetu\\Desktop\\cloudblitz\\backend\\src\\routes\\userRoutes.ts","statementMap":{"0":{"start":{"line":1,"column":0},"end":{"line":1,"column":33}},"1":{"start":{"line":2,"column":0},"end":{"line":2,"column":null}},"2":{"start":{"line":8,"column":0},"end":{"line":8,"column":39}},"3":{"start":{"line":9,"column":0},"end":{"line":9,"column":51}},"4":{"start":{"line":11,"column":15},"end":{"line":11,"column":23}},"5":{"start":{"line":14,"column":0},"end":{"line":14,"column":54}},"6":{"start":{"line":15,"column":0},"end":{"line":15,"column":57}},"7":{"start":{"line":16,"column":0},"end":{"line":16,"column":59}},"8":{"start":{"line":17,"column":0},"end":{"line":17,"column":62}},"9":{"start":{"line":19,"column":0},"end":{"line":19,"column":22}}},"fnMap":{},"branchMap":{},"s":{"0":3,"1":3,"2":3,"3":3,"4":3,"5":3,"6":3,"7":3,"8":3,"9":3},"f":{},"b":{}}
,"C:\\Users\\reetu\\Desktop\\cloudblitz\\backend\\tests\\setupTestDB.ts": {"path":"C:\\Users\\reetu\\Desktop\\cloudblitz\\backend\\tests\\setupTestDB.ts","statementMap":{"0":{"start":{"line":1,"column":0},"end":{"line":1,"column":32}},"1":{"start":{"line":2,"column":0},"end":{"line":2,"column":58}},"2":{"start":{"line":6,"column":29},"end":{"line":10,"column":1}},"3":{"start":{"line":7,"column":2},"end":{"line":7,"column":49}},"4":{"start":{"line":8,"column":14},"end":{"line":8,"column":34}},"5":{"start":{"line":9,"column":2},"end":{"line":9,"column":30}},"6":{"start":{"line":6,"column":13},"end":{"line":6,"column":29}},"7":{"start":{"line":12,"column":27},"end":{"line":16,"column":1}},"8":{"start":{"line":13,"column":2},"end":{"line":13,"column":43}},"9":{"start":{"line":14,"column":2},"end":{"line":14,"column":36}},"10":{"start":{"line":15,"column":2},"end":{"line":15,"column":44}},"11":{"start":{"line":15,"column":19},"end":{"line":15,"column":44}},"12":{"start":{"line":12,"column":13},"end":{"line":12,"column":27}}},"fnMap":{"0":{"name":"(anonymous_1)","decl":{"start":{"line":6,"column":29},"end":{"line":6,"column":34}},"loc":{"start":{"line":6,"column":40},"end":{"line":10,"column":1}}},"1":{"name":"(anonymous_2)","decl":{"start":{"line":12,"column":27},"end":{"line":12,"column":32}},"loc":{"start":{"line":12,"column":38},"end":{"line":16,"column":1}}}},"branchMap":{"0":{"loc":{"start":{"line":15,"column":2},"end":{"line":15,"column":44}},"type":"if","locations":[{"start":{"line":15,"column":2},"end":{"line":15,"column":44}},{"start":{},"end":{}}]}},"s":{"0":2,"1":2,"2":2,"3":2,"4":2,"5":2,"6":2,"7":2,"8":2,"9":2,"10":2,"11":2,"12":2},"f":{"0":2,"1":2},"b":{"0":[2,0]}}
}
