TN:
SF:src\app.ts
FN:16,(anonymous_1)
FN:28,(anonymous_2)
FNF:2
FNH:2
FNDA:8,(anonymous_1)
FNDA:1,(anonymous_2)
DA:1,3
DA:2,3
DA:3,3
DA:4,3
DA:5,3
DA:6,3
DA:8,3
DA:13,3
DA:14,3
DA:17,8
DA:18,8
DA:20,0
DA:26,3
DA:28,3
DA:29,3
DA:30,3
DA:31,3
DA:32,3
DA:34,3
LF:19
LH:18
BRDA:17,0,0,8
BRDA:17,0,1,0
BRDA:17,1,0,8
BRDA:17,1,1,0
BRF:4
BRH:2
end_of_record
TN:
SF:src\controllers\authController.ts
FN:8,(anonymous_1)
FN:40,(anonymous_2)
FN:68,(anonymous_3)
FNF:3
FNH:2
FNDA:2,(anonymous_1)
FNDA:3,(anonymous_2)
FNDA:0,(anonymous_3)
DA:2,3
DA:3,3
DA:4,3
DA:6,3
DA:8,3
DA:9,2
DA:10,2
DA:11,2
DA:12,0
DA:14,2
DA:15,2
DA:16,0
DA:18,2
DA:19,2
DA:21,2
DA:25,2
DA:35,0
DA:36,0
DA:40,3
DA:41,3
DA:42,3
DA:43,3
DA:44,3
DA:46,2
DA:47,2
DA:49,2
DA:53,2
DA:63,0
DA:64,0
DA:68,3
DA:69,0
DA:70,0
DA:71,0
LF:33
LH:24
BRDA:6,0,0,3
BRDA:6,0,1,0
BRDA:11,1,0,0
BRDA:11,1,1,2
BRDA:11,2,0,2
BRDA:11,2,1,2
BRDA:11,2,2,2
BRDA:15,3,0,0
BRDA:15,3,1,2
BRDA:44,4,0,1
BRDA:44,4,1,2
BRDA:47,5,0,0
BRDA:47,5,1,2
BRDA:70,6,0,0
BRDA:70,6,1,0
BRF:15
BRH:9
end_of_record
TN:
SF:src\controllers\enquiryController.ts
FN:6,(anonymous_1)
FN:26,(anonymous_2)
FN:83,(anonymous_3)
FN:97,(anonymous_4)
FN:106,(anonymous_5)
FN:151,(anonymous_6)
FNF:6
FNH:2
FNDA:1,(anonymous_1)
FNDA:1,(anonymous_2)
FNDA:0,(anonymous_3)
FNDA:0,(anonymous_4)
FNDA:0,(anonymous_5)
FNDA:0,(anonymous_6)
DA:2,3
DA:6,3
DA:7,1
DA:8,1
DA:9,1
DA:10,0
DA:12,1
DA:19,1
DA:21,0
DA:22,0
DA:26,3
DA:27,1
DA:28,1
DA:30,1
DA:33,1
DA:34,0
DA:38,1
DA:39,0
DA:43,1
DA:44,0
DA:52,1
DA:55,1
DA:57,1
DA:58,1
DA:62,1
DA:68,1
DA:70,1
DA:78,0
DA:79,0
DA:83,3
DA:84,0
DA:85,0
DA:89,0
DA:90,0
DA:92,0
DA:93,0
DA:97,3
DA:98,0
DA:99,0
DA:101,0
DA:102,0
DA:103,0
DA:106,0
DA:107,0
DA:108,0
DA:112,0
DA:114,0
DA:117,0
DA:120,0
DA:121,0
DA:126,0
DA:130,0
DA:131,0
DA:132,0
DA:135,0
DA:136,0
DA:141,0
DA:145,0
DA:147,0
DA:151,3
DA:152,0
DA:153,0
DA:154,0
DA:155,0
DA:157,0
DA:162,0
DA:163,0
DA:165,0
DA:166,0
LF:69
LH:24
BRDA:9,0,0,0
BRDA:9,0,1,1
BRDA:28,1,0,1
BRDA:28,2,0,1
BRDA:33,3,0,0
BRDA:33,3,1,1
BRDA:33,4,0,1
BRDA:33,4,1,0
BRDA:38,5,0,0
BRDA:38,5,1,1
BRDA:43,6,0,0
BRDA:43,6,1,1
BRDA:57,7,0,1
BRDA:57,7,1,0
BRDA:89,8,0,0
BRDA:89,8,1,0
BRDA:89,9,0,0
BRDA:89,9,1,0
BRDA:102,10,0,0
BRDA:102,10,1,0
BRDA:107,11,0,0
BRDA:107,11,1,0
BRDA:108,12,0,0
BRDA:108,12,1,0
BRDA:109,13,0,0
BRDA:109,13,1,0
BRDA:114,14,0,0
BRDA:114,14,1,0
BRDA:120,15,0,0
BRDA:120,15,1,0
BRDA:120,16,0,0
BRDA:120,16,1,0
BRDA:126,17,0,0
BRDA:126,17,1,0
BRDA:132,18,0,0
BRDA:132,18,1,0
BRDA:135,19,0,0
BRDA:135,19,1,0
BRDA:154,20,0,0
BRDA:154,20,1,0
BRDA:162,21,0,0
BRDA:162,21,1,0
BRF:42
BRH:8
end_of_record
TN:
SF:src\controllers\userController.ts
FN:5,(anonymous_10)
FN:15,(anonymous_11)
FN:25,(anonymous_12)
FN:39,(anonymous_13)
FN:59,(anonymous_14)
FNF:5
FNH:0
FNDA:0,(anonymous_10)
FNDA:0,(anonymous_11)
FNDA:0,(anonymous_12)
FNDA:0,(anonymous_13)
FNDA:0,(anonymous_14)
DA:2,3
DA:5,3
DA:6,0
DA:7,0
DA:8,0
DA:10,0
DA:15,3
DA:16,0
DA:17,0
DA:18,0
DA:19,0
DA:22,0
DA:23,0
DA:25,0
DA:26,0
DA:28,0
DA:29,0
DA:34,0
DA:39,3
DA:40,0
DA:41,0
DA:42,0
DA:44,0
DA:45,0
DA:47,0
DA:48,0
DA:49,0
DA:51,0
DA:52,0
DA:54,0
DA:59,3
DA:60,0
DA:61,0
DA:62,0
DA:63,0
DA:64,0
DA:66,0
LF:37
LH:5
BRDA:18,0,0,0
BRDA:18,0,1,0
BRDA:18,1,0,0
BRDA:18,1,1,0
BRDA:18,1,2,0
BRDA:18,1,3,0
BRDA:23,2,0,0
BRDA:23,2,1,0
BRDA:45,3,0,0
BRDA:45,3,1,0
BRDA:47,4,0,0
BRDA:47,4,1,0
BRDA:48,5,0,0
BRDA:48,5,1,0
BRDA:49,6,0,0
BRDA:49,6,1,0
BRDA:63,7,0,0
BRDA:63,7,1,0
BRF:18
BRH:0
end_of_record
TN:
SF:src\middlewares\auth.ts
FN:11,auth
FNF:1
FNH:1
FNDA:2,auth
DA:2,3
DA:3,3
DA:11,3
DA:16,2
DA:18,2
DA:19,0
DA:22,2
DA:24,2
DA:25,2
DA:26,2
DA:28,2
DA:29,0
DA:33,2
DA:34,2
DA:35,2
DA:37,2
DA:39,0
LF:17
LH:14
BRDA:18,0,0,0
BRDA:18,0,1,2
BRDA:18,1,0,2
BRDA:18,1,1,2
BRDA:28,2,0,0
BRDA:28,2,1,2
BRF:6
BRH:4
end_of_record
TN:
SF:src\middlewares\roles.ts
FN:3,requireRole
FN:4,(anonymous_1)
FNF:2
FNH:1
FNDA:18,requireRole
FNDA:0,(anonymous_1)
DA:3,3
DA:4,18
DA:5,0
DA:6,0
DA:7,0
DA:11,0
LF:6
LH:2
BRDA:6,0,0,0
BRDA:6,0,1,0
BRF:2
BRH:0
end_of_record
TN:
SF:src\models\Enquiry.ts
FNF:0
FNH:0
DA:1,3
DA:15,3
DA:32,3
LF:3
LH:3
BRF:0
BRH:0
end_of_record
TN:
SF:src\models\User.ts
FNF:0
FNH:0
DA:1,3
DA:12,3
DA:22,3
LF:3
LH:3
BRF:0
BRH:0
end_of_record
TN:
SF:src\routes\analyticsRoutes.ts
FN:9,(anonymous_1)
FNF:1
FNH:0
FNDA:0,(anonymous_1)
DA:1,3
DA:2,3
DA:3,3
DA:4,3
DA:6,3
DA:9,3
DA:10,0
DA:11,0
DA:12,0
DA:14,0
DA:52,0
DA:54,0
DA:55,0
DA:61,3
LF:14
LH:7
BRF:0
BRH:0
end_of_record
TN:
SF:src\routes\auth.ts
FNF:0
FNH:0
DA:1,3
DA:2,3
DA:3,3
DA:5,3
DA:7,3
DA:8,3
DA:9,3
DA:11,3
LF:8
LH:8
BRF:0
BRH:0
end_of_record
TN:
SF:src\routes\enquiries.ts
FNF:0
FNH:0
DA:1,3
DA:2,3
DA:9,3
DA:10,3
DA:12,3
DA:14,3
DA:15,3
DA:16,3
DA:17,3
DA:18,3
DA:20,3
LF:11
LH:11
BRF:0
BRH:0
end_of_record
TN:
SF:src\routes\userRoutes.ts
FNF:0
FNH:0
DA:1,3
DA:2,3
DA:8,3
DA:9,3
DA:11,3
DA:14,3
DA:15,3
DA:16,3
DA:17,3
DA:19,3
LF:10
LH:10
BRF:0
BRH:0
end_of_record
TN:
SF:tests\setupTestDB.ts
FN:6,(anonymous_1)
FN:12,(anonymous_2)
FNF:2
FNH:2
FNDA:2,(anonymous_1)
FNDA:2,(anonymous_2)
DA:1,2
DA:2,2
DA:6,2
DA:7,2
DA:8,2
DA:9,2
DA:12,2
DA:13,2
DA:14,2
DA:15,2
LF:10
LH:10
BRDA:15,0,0,2
BRDA:15,0,1,0
BRF:2
BRH:1
end_of_record
